warning: unused imports: `CpuMetrics`, `MemoryMetrics`, `NetworkMetrics`, `ProcessoInfo`, and `formatar_bytes`
  --> src/metrics/mod.rs:9:5
   |
 9 |     CpuMetrics,
   |     ^^^^^^^^^^
10 |     MemoryMetrics,
   |     ^^^^^^^^^^^^^
11 |     ProcessoInfo,
   |     ^^^^^^^^^^^^
12 |     NetworkMetrics,
   |     ^^^^^^^^^^^^^^
13 |     formatar_bytes,
   |     ^^^^^^^^^^^^^^
   |
   = note: `#[warn(unused_imports)]` (part of `#[warn(unused)]`) on by default

warning: unused import: `ratatui::widgets::StatefulWidget`
  --> src/ui/processes.rs:45:9
   |
45 |     use ratatui::widgets::StatefulWidget;
   |         ^^^^^^^^^^^^^^^^^^^^^^^^^^^^^^^^

warning: unused imports: `Line`, `Paragraph`, and `Span`
 --> src/ui/network.rs:4:37
  |
4 |     widgets::{Block, Borders, Cell, Paragraph, Row, Table},
  |                                     ^^^^^^^^^
5 |     text::{Line, Span},
  |            ^^^^  ^^^^

warning: fields `id` and `max_freq_mhz` are never read
  --> src/metrics/android.rs:12:9
   |
11 | pub struct CoreInfo {
   |            -------- fields in this struct
12 |     pub id: usize,
   |         ^^
13 |     pub freq_mhz: u64,
14 |     pub max_freq_mhz: u64,
   |         ^^^^^^^^^^^^
   |
   = note: `CoreInfo` has derived impls for the traits `Debug` and `Clone`, but these are intentionally ignored during dead code analysis
   = note: `#[warn(dead_code)]` (part of `#[warn(unused)]`) on by default

warning: methods `pct_ram` and `pct_swap` are never used
  --> src/metrics/android.rs:37:12
   |
30 | impl MemAndroid {
   | --------------- methods in this implementation
...
37 |     pub fn pct_ram(&self) -> f32 {
   |            ^^^^^^^
...
41 |     pub fn pct_swap(&self) -> f32 {
   |            ^^^^^^^^

warning: fields `id`, `max_freq_mhz`, and `online` are never read
   --> src/metrics/linux.rs:104:9
    |
103 | pub struct CoreInfoLinux {
    |            ------------- fields in this struct
104 |     pub id: usize,
    |         ^^
105 |     pub freq_mhz: u64,
106 |     pub max_freq_mhz: u64,
    |         ^^^^^^^^^^^^
107 |     pub online: bool,
    |         ^^^^^^
    |
    = note: `CoreInfoLinux` has derived impls for the traits `Debug` and `Clone`, but these are intentionally ignored during dead code analysis

warning: field `mascara` is never read
   --> src/metrics/linux.rs:162:9
    |
159 | pub struct InterfaceLinux {
    |            -------------- field in this struct
...
162 |     pub mascara: Option<String>,
    |         ^^^^^^^
    |
    = note: `InterfaceLinux` has derived impls for the traits `Debug` and `Clone`, but these are intentionally ignored during dead code analysis

warning: function `obter_ip_local` is never used
  --> src/metrics/network.rs:66:8
   |
66 | pub fn obter_ip_local() -> Option<String> {
   |        ^^^^^^^^^^^^^^

warning: field `livre` is never read
  --> src/metrics/collector.rs:20:9
   |
17 | pub struct MemoryMetrics {
   |            ------------- field in this struct
...
20 |     pub livre: u64,
   |         ^^^^^
   |
   = note: `MemoryMetrics` has derived impls for the traits `Debug` and `Clone`, but these are intentionally ignored during dead code analysis

warning: multiple fields are never read
  --> src/metrics/collector.rs:36:9
   |
35 | pub struct NetworkMetrics {
   |            -------------- fields in this struct
36 |     pub interface: String,
   |         ^^^^^^^^^
37 |     pub ip: Option<String>,
   |         ^^
38 |     pub flags: Vec<String>,
   |         ^^^^^
39 |     pub mtu: Option<u32>,
   |         ^^^
40 |     pub bytes_enviados: u64,
   |         ^^^^^^^^^^^^^^
41 |     pub bytes_recebidos: u64,
   |         ^^^^^^^^^^^^^^^
42 |     pub pacotes_enviados: u64,
   |         ^^^^^^^^^^^^^^^^
43 |     pub pacotes_recebidos: u64,
   |         ^^^^^^^^^^^^^^^^^
   |
   = note: `NetworkMetrics` has derived impls for the traits `Debug` and `Clone`, but these are intentionally ignored during dead code analysis

warning: field `redes` is never read
  --> src/metrics/collector.rs:51:9
   |
47 | pub struct SystemMetrics {
   |            ------------- field in this struct
...
51 |     pub redes: Vec<NetworkMetrics>,
   |         ^^^^^
   |
   = note: `SystemMetrics` has derived impls for the traits `Debug` and `Clone`, but these are intentionally ignored during dead code analysis

warning: `syswatch-tui` (bin "syswatch-tui") generated 11 warnings (run `cargo fix --bin "syswatch-tui" -p syswatch-tui` to apply 3 suggestions)
    Finished `release` profile [optimized] target(s) in 0.54s
     Running `target/release/syswatch-tui`
